This file contains any messages produced by compilers while
running configure, to aid debugging if configure makes a mistake.

It was created by yashigani configure 0.0.5, which was
generated by GNU Autoconf 2.69.  Invocation command line was

  $ ./configure 

## --------- ##
## Platform. ##
## --------- ##

hostname = localhost.localdomain
uname -m = x86_64
uname -r = 4.13.9-300.fc27.x86_64
uname -s = Linux
uname -v = #1 SMP Mon Oct 23 13:41:58 UTC 2017

/usr/bin/uname -p = x86_64
/bin/uname -X     = unknown

/bin/arch              = x86_64
/usr/bin/arch -k       = unknown
/usr/convex/getsysinfo = unknown
/usr/bin/hostinfo      = unknown
/bin/machine           = unknown
/usr/bin/oslevel       = unknown
/bin/universe          = unknown

PATH: /usr/local/bin
PATH: /usr/local/sbin
PATH: /usr/bin
PATH: /usr/sbin
PATH: /home/fujiwara/.local/bin
PATH: /home/fujiwara/bin


## ----------- ##
## Core tests. ##
## ----------- ##

configure:2275: configuring yashigani 0.0.5
configure:2322: checking for a BSD-compatible install
configure:2390: result: /usr/bin/install -c
configure:2401: checking whether build environment is sane
configure:2456: result: yes
configure:2607: checking for a thread-safe mkdir -p
configure:2646: result: /usr/bin/mkdir -p
configure:2653: checking for gawk
configure:2669: found /usr/bin/gawk
configure:2680: result: gawk
configure:2691: checking whether make sets $(MAKE)
configure:2713: result: yes
configure:2742: checking whether make supports nested variables
configure:2759: result: yes
configure:2952: checking for gcc
configure:2968: found /usr/bin/gcc
configure:2979: result: gcc
configure:3208: checking for C compiler version
configure:3217: gcc --version >&5
gcc (GCC) 7.3.1 20180303 (Red Hat 7.3.1-5)
Copyright (C) 2017 Free Software Foundation, Inc.
This is free software; see the source for copying conditions.  There is NO
warranty; not even for MERCHANTABILITY or FITNESS FOR A PARTICULAR PURPOSE.

configure:3228: $? = 0
configure:3217: gcc -v >&5
Using built-in specs.
COLLECT_GCC=gcc
COLLECT_LTO_WRAPPER=/usr/libexec/gcc/x86_64-redhat-linux/7/lto-wrapper
OFFLOAD_TARGET_NAMES=nvptx-none
OFFLOAD_TARGET_DEFAULT=1
Target: x86_64-redhat-linux
Configured with: ../configure --enable-bootstrap --enable-languages=c,c++,objc,obj-c++,fortran,ada,go,lto --prefix=/usr --mandir=/usr/share/man --infodir=/usr/share/info --with-bugurl=http://bugzilla.redhat.com/bugzilla --enable-shared --enable-threads=posix --enable-checking=release --enable-multilib --with-system-zlib --enable-__cxa_atexit --disable-libunwind-exceptions --enable-gnu-unique-object --enable-linker-build-id --with-gcc-major-version-only --with-linker-hash-style=gnu --enable-plugin --enable-initfini-array --with-isl --enable-libmpx --enable-offload-targets=nvptx-none --without-cuda-driver --enable-gnu-indirect-function --with-tune=generic --with-arch_32=i686 --build=x86_64-redhat-linux
Thread model: posix
gcc version 7.3.1 20180303 (Red Hat 7.3.1-5) (GCC) 
configure:3228: $? = 0
configure:3217: gcc -V >&5
gcc: error: unrecognized command line option '-V'
gcc: fatal error: no input files
compilation terminated.
configure:3228: $? = 1
configure:3217: gcc -qversion >&5
gcc: error: unrecognized command line option '-qversion'; did you mean '--version'?
gcc: fatal error: no input files
compilation terminated.
configure:3228: $? = 1
configure:3248: checking whether the C compiler works
configure:3270: gcc    conftest.c  >&5
configure:3274: $? = 0
configure:3322: result: yes
configure:3325: checking for C compiler default output file name
configure:3327: result: a.out
configure:3333: checking for suffix of executables
configure:3340: gcc -o conftest    conftest.c  >&5
configure:3344: $? = 0
configure:3366: result: 
configure:3388: checking whether we are cross compiling
configure:3396: gcc -o conftest    conftest.c  >&5
configure:3400: $? = 0
configure:3407: ./conftest
configure:3411: $? = 0
configure:3426: result: no
configure:3431: checking for suffix of object files
configure:3453: gcc -c   conftest.c >&5
configure:3457: $? = 0
configure:3478: result: o
configure:3482: checking whether we are using the GNU C compiler
configure:3501: gcc -c   conftest.c >&5
configure:3501: $? = 0
configure:3510: result: yes
configure:3519: checking whether gcc accepts -g
configure:3539: gcc -c -g  conftest.c >&5
configure:3539: $? = 0
configure:3580: result: yes
configure:3597: checking for gcc option to accept ISO C89
configure:3660: gcc  -c -g -O2  conftest.c >&5
configure:3660: $? = 0
configure:3673: result: none needed
configure:3698: checking whether gcc understands -c and -o together
configure:3720: gcc -c conftest.c -o conftest2.o
configure:3723: $? = 0
configure:3720: gcc -c conftest.c -o conftest2.o
configure:3723: $? = 0
configure:3735: result: yes
configure:3763: checking for style of include used by make
configure:3791: result: GNU
configure:3817: checking dependency style of gcc
configure:3928: result: gcc3
configure:3948: checking how to run the C preprocessor
configure:3979: gcc -E  conftest.c
configure:3979: $? = 0
configure:3993: gcc -E  conftest.c
conftest.c:11:10: fatal error: ac_nonexistent.h: No such file or directory
 #include <ac_nonexistent.h>
          ^~~~~~~~~~~~~~~~~~
compilation terminated.
configure:3993: $? = 1
configure: failed program was:
| /* confdefs.h */
| #define PACKAGE_NAME "yashigani"
| #define PACKAGE_TARNAME "yashigani"
| #define PACKAGE_VERSION "0.0.5"
| #define PACKAGE_STRING "yashigani 0.0.5"
| #define PACKAGE_BUGREPORT "shintaro.fujiwara@gmail.com"
| #define PACKAGE_URL ""
| #define PACKAGE "yashigani"
| #define VERSION "0.0.5"
| /* end confdefs.h.  */
| #include <ac_nonexistent.h>
configure:4018: result: gcc -E
configure:4038: gcc -E  conftest.c
configure:4038: $? = 0
configure:4052: gcc -E  conftest.c
conftest.c:11:10: fatal error: ac_nonexistent.h: No such file or directory
 #include <ac_nonexistent.h>
          ^~~~~~~~~~~~~~~~~~
compilation terminated.
configure:4052: $? = 1
configure: failed program was:
| /* confdefs.h */
| #define PACKAGE_NAME "yashigani"
| #define PACKAGE_TARNAME "yashigani"
| #define PACKAGE_VERSION "0.0.5"
| #define PACKAGE_STRING "yashigani 0.0.5"
| #define PACKAGE_BUGREPORT "shintaro.fujiwara@gmail.com"
| #define PACKAGE_URL ""
| #define PACKAGE "yashigani"
| #define VERSION "0.0.5"
| /* end confdefs.h.  */
| #include <ac_nonexistent.h>
configure:4124: checking for ranlib
configure:4140: found /usr/bin/ranlib
configure:4151: result: ranlib
configure:4176: checking for grep that handles long lines and -e
configure:4234: result: /usr/bin/grep
configure:4239: checking for egrep
configure:4301: result: /usr/bin/grep -E
configure:4306: checking for ANSI C header files
configure:4326: gcc -c -g -O2  conftest.c >&5
configure:4326: $? = 0
configure:4399: gcc -o conftest -g -O2   conftest.c  >&5
configure:4399: $? = 0
configure:4399: ./conftest
configure:4399: $? = 0
configure:4410: result: yes
configure:4423: checking for sys/types.h
configure:4423: gcc -c -g -O2  conftest.c >&5
configure:4423: $? = 0
configure:4423: result: yes
configure:4423: checking for sys/stat.h
configure:4423: gcc -c -g -O2  conftest.c >&5
configure:4423: $? = 0
configure:4423: result: yes
configure:4423: checking for stdlib.h
configure:4423: gcc -c -g -O2  conftest.c >&5
configure:4423: $? = 0
configure:4423: result: yes
configure:4423: checking for string.h
configure:4423: gcc -c -g -O2  conftest.c >&5
configure:4423: $? = 0
configure:4423: result: yes
configure:4423: checking for memory.h
configure:4423: gcc -c -g -O2  conftest.c >&5
configure:4423: $? = 0
configure:4423: result: yes
configure:4423: checking for strings.h
configure:4423: gcc -c -g -O2  conftest.c >&5
configure:4423: $? = 0
configure:4423: result: yes
configure:4423: checking for inttypes.h
configure:4423: gcc -c -g -O2  conftest.c >&5
configure:4423: $? = 0
configure:4423: result: yes
configure:4423: checking for stdint.h
configure:4423: gcc -c -g -O2  conftest.c >&5
configure:4423: $? = 0
configure:4423: result: yes
configure:4423: checking for unistd.h
configure:4423: gcc -c -g -O2  conftest.c >&5
configure:4423: $? = 0
configure:4423: result: yes
configure:4436: checking minix/config.h usability
configure:4436: gcc -c -g -O2  conftest.c >&5
conftest.c:54:10: fatal error: minix/config.h: No such file or directory
 #include <minix/config.h>
          ^~~~~~~~~~~~~~~~
compilation terminated.
configure:4436: $? = 1
configure: failed program was:
| /* confdefs.h */
| #define PACKAGE_NAME "yashigani"
| #define PACKAGE_TARNAME "yashigani"
| #define PACKAGE_VERSION "0.0.5"
| #define PACKAGE_STRING "yashigani 0.0.5"
| #define PACKAGE_BUGREPORT "shintaro.fujiwara@gmail.com"
| #define PACKAGE_URL ""
| #define PACKAGE "yashigani"
| #define VERSION "0.0.5"
| #define STDC_HEADERS 1
| #define HAVE_SYS_TYPES_H 1
| #define HAVE_SYS_STAT_H 1
| #define HAVE_STDLIB_H 1
| #define HAVE_STRING_H 1
| #define HAVE_MEMORY_H 1
| #define HAVE_STRINGS_H 1
| #define HAVE_INTTYPES_H 1
| #define HAVE_STDINT_H 1
| #define HAVE_UNISTD_H 1
| /* end confdefs.h.  */
| #include <stdio.h>
| #ifdef HAVE_SYS_TYPES_H
| # include <sys/types.h>
| #endif
| #ifdef HAVE_SYS_STAT_H
| # include <sys/stat.h>
| #endif
| #ifdef STDC_HEADERS
| # include <stdlib.h>
| # include <stddef.h>
| #else
| # ifdef HAVE_STDLIB_H
| #  include <stdlib.h>
| # endif
| #endif
| #ifdef HAVE_STRING_H
| # if !defined STDC_HEADERS && defined HAVE_MEMORY_H
| #  include <memory.h>
| # endif
| # include <string.h>
| #endif
| #ifdef HAVE_STRINGS_H
| # include <strings.h>
| #endif
| #ifdef HAVE_INTTYPES_H
| # include <inttypes.h>
| #endif
| #ifdef HAVE_STDINT_H
| # include <stdint.h>
| #endif
| #ifdef HAVE_UNISTD_H
| # include <unistd.h>
| #endif
| #include <minix/config.h>
configure:4436: result: no
configure:4436: checking minix/config.h presence
configure:4436: gcc -E  conftest.c
conftest.c:21:10: fatal error: minix/config.h: No such file or directory
 #include <minix/config.h>
          ^~~~~~~~~~~~~~~~
compilation terminated.
configure:4436: $? = 1
configure: failed program was:
| /* confdefs.h */
| #define PACKAGE_NAME "yashigani"
| #define PACKAGE_TARNAME "yashigani"
| #define PACKAGE_VERSION "0.0.5"
| #define PACKAGE_STRING "yashigani 0.0.5"
| #define PACKAGE_BUGREPORT "shintaro.fujiwara@gmail.com"
| #define PACKAGE_URL ""
| #define PACKAGE "yashigani"
| #define VERSION "0.0.5"
| #define STDC_HEADERS 1
| #define HAVE_SYS_TYPES_H 1
| #define HAVE_SYS_STAT_H 1
| #define HAVE_STDLIB_H 1
| #define HAVE_STRING_H 1
| #define HAVE_MEMORY_H 1
| #define HAVE_STRINGS_H 1
| #define HAVE_INTTYPES_H 1
| #define HAVE_STDINT_H 1
| #define HAVE_UNISTD_H 1
| /* end confdefs.h.  */
| #include <minix/config.h>
configure:4436: result: no
configure:4436: checking for minix/config.h
configure:4436: result: no
configure:4457: checking whether it is safe to define __EXTENSIONS__
configure:4475: gcc -c -g -O2  conftest.c >&5
configure:4475: $? = 0
configure:4482: result: yes
configure:4496: checking whether ln -s works
configure:4500: result: yes
configure:4556: checking for ar
configure:4572: found /usr/bin/ar
configure:4583: result: ar
configure:4609: checking the archiver (ar) interface
configure:4625: gcc -c -g -O2  conftest.c >&5
configure:4625: $? = 0
configure:4627: ar cru libconftest.a conftest.o >&5
configure:4630: $? = 0
configure:4658: result: ar
configure:4716: checking whether gcc accepts -Wall
configure:4721: result: yes
configure:4734: checking for stdlib.h
configure:4734: result: yes
configure:4734: checking stdio.h usability
configure:4734: gcc -c -g -O2 -Wall  conftest.c >&5
configure:4734: $? = 0
configure:4734: result: yes
configure:4734: checking stdio.h presence
configure:4734: gcc -E  conftest.c
configure:4734: $? = 0
configure:4734: result: yes
configure:4734: checking for stdio.h
configure:4734: result: yes
configure:4734: checking for string.h
configure:4734: result: yes
configure:4734: checking time.h usability
configure:4734: gcc -c -g -O2 -Wall  conftest.c >&5
configure:4734: $? = 0
configure:4734: result: yes
configure:4734: checking time.h presence
configure:4734: gcc -E  conftest.c
configure:4734: $? = 0
configure:4734: result: yes
configure:4734: checking for time.h
configure:4734: result: yes
configure:4734: checking dirent.h usability
configure:4734: gcc -c -g -O2 -Wall  conftest.c >&5
configure:4734: $? = 0
configure:4734: result: yes
configure:4734: checking dirent.h presence
configure:4734: gcc -E  conftest.c
configure:4734: $? = 0
configure:4734: result: yes
configure:4734: checking for dirent.h
configure:4734: result: yes
configure:4734: checking errno.h usability
configure:4734: gcc -c -g -O2 -Wall  conftest.c >&5
configure:4734: $? = 0
configure:4734: result: yes
configure:4734: checking errno.h presence
configure:4734: gcc -E  conftest.c
configure:4734: $? = 0
configure:4734: result: yes
configure:4734: checking for errno.h
configure:4734: result: yes
configure:4734: checking ctype.h usability
configure:4734: gcc -c -g -O2 -Wall  conftest.c >&5
configure:4734: $? = 0
configure:4734: result: yes
configure:4734: checking ctype.h presence
configure:4734: gcc -E  conftest.c
configure:4734: $? = 0
configure:4734: result: yes
configure:4734: checking for ctype.h
configure:4734: result: yes
configure:4734: checking math.h usability
configure:4734: gcc -c -g -O2 -Wall  conftest.c >&5
configure:4734: $? = 0
configure:4734: result: yes
configure:4734: checking math.h presence
configure:4734: gcc -E  conftest.c
configure:4734: $? = 0
configure:4734: result: yes
configure:4734: checking for math.h
configure:4734: result: yes
configure:4734: checking for sys/stat.h
configure:4734: result: yes
configure:4734: checking fcntl.h usability
configure:4734: gcc -c -g -O2 -Wall  conftest.c >&5
configure:4734: $? = 0
configure:4734: result: yes
configure:4734: checking fcntl.h presence
configure:4734: gcc -E  conftest.c
configure:4734: $? = 0
configure:4734: result: yes
configure:4734: checking for fcntl.h
configure:4734: result: yes
configure:4734: checking limits.h usability
configure:4734: gcc -c -g -O2 -Wall  conftest.c >&5
configure:4734: $? = 0
configure:4734: result: yes
configure:4734: checking limits.h presence
configure:4734: gcc -E  conftest.c
configure:4734: $? = 0
configure:4734: result: yes
configure:4734: checking for limits.h
configure:4734: result: yes
configure:4734: checking getopt.h usability
configure:4734: gcc -c -g -O2 -Wall  conftest.c >&5
configure:4734: $? = 0
configure:4734: result: yes
configure:4734: checking getopt.h presence
configure:4734: gcc -E  conftest.c
configure:4734: $? = 0
configure:4734: result: yes
configure:4734: checking for getopt.h
configure:4734: result: yes
configure:4746: checking for inline
configure:4762: gcc -c -g -O2 -Wall  conftest.c >&5
configure:4762: $? = 0
configure:4770: result: inline
configure:4788: checking for an ANSI C-conforming const
configure:4854: gcc -c -g -O2 -Wall  conftest.c >&5
configure:4854: $? = 0
configure:4861: result: yes
configure:4874: checking for sigaction
configure:4874: gcc -o conftest -g -O2 -Wall   conftest.c  >&5
configure:4874: $? = 0
configure:4874: result: yes
configure:4874: checking for snprintf
configure:4874: gcc -o conftest -g -O2 -Wall   conftest.c  >&5
conftest.c:62:6: warning: conflicting types for built-in function 'snprintf' [-Wbuiltin-declaration-mismatch]
 char snprintf ();
      ^~~~~~~~
configure:4874: $? = 0
configure:4874: result: yes
configure:4883: checking for library containing socket
configure:4914: gcc -o conftest -g -O2 -Wall   conftest.c  >&5
configure:4914: $? = 0
configure:4931: result: none required
configure:4942: checking for strcasecmp
configure:4942: gcc -o conftest -g -O2 -Wall   conftest.c  >&5
conftest.c:63:6: warning: conflicting types for built-in function 'strcasecmp' [-Wbuiltin-declaration-mismatch]
 char strcasecmp ();
      ^~~~~~~~~~
configure:4942: $? = 0
configure:4942: result: yes
configure:4942: checking for strncasecmp
configure:4942: gcc -o conftest -g -O2 -Wall   conftest.c  >&5
conftest.c:64:6: warning: conflicting types for built-in function 'strncasecmp' [-Wbuiltin-declaration-mismatch]
 char strncasecmp ();
      ^~~~~~~~~~~
configure:4942: $? = 0
configure:4942: result: yes
configure:4942: checking for strchr
configure:4942: gcc -o conftest -g -O2 -Wall   conftest.c  >&5
conftest.c:65:6: warning: conflicting types for built-in function 'strchr' [-Wbuiltin-declaration-mismatch]
 char strchr ();
      ^~~~~~
configure:4942: $? = 0
configure:4942: result: yes
configure:4942: checking for strcspn
configure:4942: gcc -o conftest -g -O2 -Wall   conftest.c  >&5
conftest.c:66:6: warning: conflicting types for built-in function 'strcspn' [-Wbuiltin-declaration-mismatch]
 char strcspn ();
      ^~~~~~~
configure:4942: $? = 0
configure:4942: result: yes
configure:4942: checking for strspn
configure:4942: gcc -o conftest -g -O2 -Wall   conftest.c  >&5
conftest.c:67:6: warning: conflicting types for built-in function 'strspn' [-Wbuiltin-declaration-mismatch]
 char strspn ();
      ^~~~~~
configure:4942: $? = 0
configure:4942: result: yes
configure:4942: checking for strtol
configure:4942: gcc -o conftest -g -O2 -Wall   conftest.c  >&5
configure:4942: $? = 0
configure:4942: result: yes
configure:4942: checking for strtoul
configure:4942: gcc -o conftest -g -O2 -Wall   conftest.c  >&5
configure:4942: $? = 0
configure:4942: result: yes
configure:4942: checking for strtoull
configure:4942: gcc -o conftest -g -O2 -Wall   conftest.c  >&5
configure:4942: $? = 0
configure:4942: result: yes
configure:4942: checking for strndup
configure:4942: gcc -o conftest -g -O2 -Wall   conftest.c  >&5
conftest.c:71:6: warning: conflicting types for built-in function 'strndup' [-Wbuiltin-declaration-mismatch]
 char strndup ();
      ^~~~~~~
configure:4942: $? = 0
configure:4942: result: yes
configure:4954: checking for malloc
configure:4954: gcc -o conftest -g -O2 -Wall   conftest.c  >&5
conftest.c:72:6: warning: conflicting types for built-in function 'malloc' [-Wbuiltin-declaration-mismatch]
 char malloc ();
      ^~~~~~
configure:4954: $? = 0
configure:4954: result: yes
configure:4954: checking for realloc
configure:4954: gcc -o conftest -g -O2 -Wall   conftest.c  >&5
conftest.c:73:6: warning: conflicting types for built-in function 'realloc' [-Wbuiltin-declaration-mismatch]
 char realloc ();
      ^~~~~~~
configure:4954: $? = 0
configure:4954: result: yes
configure:4954: checking for atexit
configure:4954: gcc -o conftest -g -O2 -Wall   conftest.c  >&5
configure:4954: $? = 0
configure:4954: result: yes
configure:4963: checking for pid_t
configure:4963: gcc -c -g -O2 -Wall  conftest.c >&5
configure:4963: $? = 0
configure:4963: gcc -c -g -O2 -Wall  conftest.c >&5
conftest.c: In function 'main':
conftest.c:88:20: error: expected expression before ')' token
 if (sizeof ((pid_t)))
                    ^
configure:4963: $? = 1
configure: failed program was:
| /* confdefs.h */
| #define PACKAGE_NAME "yashigani"
| #define PACKAGE_TARNAME "yashigani"
| #define PACKAGE_VERSION "0.0.5"
| #define PACKAGE_STRING "yashigani 0.0.5"
| #define PACKAGE_BUGREPORT "shintaro.fujiwara@gmail.com"
| #define PACKAGE_URL ""
| #define PACKAGE "yashigani"
| #define VERSION "0.0.5"
| #define STDC_HEADERS 1
| #define HAVE_SYS_TYPES_H 1
| #define HAVE_SYS_STAT_H 1
| #define HAVE_STDLIB_H 1
| #define HAVE_STRING_H 1
| #define HAVE_MEMORY_H 1
| #define HAVE_STRINGS_H 1
| #define HAVE_INTTYPES_H 1
| #define HAVE_STDINT_H 1
| #define HAVE_UNISTD_H 1
| #define __EXTENSIONS__ 1
| #define _ALL_SOURCE 1
| #define _GNU_SOURCE 1
| #define _POSIX_PTHREAD_SEMANTICS 1
| #define _TANDEM_SOURCE 1
| #define HAVE_STDLIB_H 1
| #define HAVE_STDIO_H 1
| #define HAVE_STRING_H 1
| #define HAVE_TIME_H 1
| #define HAVE_DIRENT_H 1
| #define HAVE_ERRNO_H 1
| #define HAVE_CTYPE_H 1
| #define HAVE_MATH_H 1
| #define HAVE_SYS_STAT_H 1
| #define HAVE_FCNTL_H 1
| #define HAVE_LIMITS_H 1
| #define HAVE_GETOPT_H 1
| #define HAVE_SIGACTION 1
| #define HAVE_SNPRINTF 1
| #define HAVE_STRCASECMP 1
| #define HAVE_STRNCASECMP 1
| #define HAVE_STRCHR 1
| #define HAVE_STRCSPN 1
| #define HAVE_STRSPN 1
| #define HAVE_STRTOL 1
| #define HAVE_STRTOUL 1
| #define HAVE_STRTOULL 1
| #define HAVE_STRNDUP 1
| #define HAVE_MALLOC 1
| #define HAVE_REALLOC 1
| #define HAVE_ATEXIT 1
| /* end confdefs.h.  */
| #include <stdio.h>
| #ifdef HAVE_SYS_TYPES_H
| # include <sys/types.h>
| #endif
| #ifdef HAVE_SYS_STAT_H
| # include <sys/stat.h>
| #endif
| #ifdef STDC_HEADERS
| # include <stdlib.h>
| # include <stddef.h>
| #else
| # ifdef HAVE_STDLIB_H
| #  include <stdlib.h>
| # endif
| #endif
| #ifdef HAVE_STRING_H
| # if !defined STDC_HEADERS && defined HAVE_MEMORY_H
| #  include <memory.h>
| # endif
| # include <string.h>
| #endif
| #ifdef HAVE_STRINGS_H
| # include <strings.h>
| #endif
| #ifdef HAVE_INTTYPES_H
| # include <inttypes.h>
| #endif
| #ifdef HAVE_STDINT_H
| # include <stdint.h>
| #endif
| #ifdef HAVE_UNISTD_H
| # include <unistd.h>
| #endif
| int
| main ()
| {
| if (sizeof ((pid_t)))
| 	    return 0;
|   ;
|   return 0;
| }
configure:4963: result: yes
configure:4976: checking vfork.h usability
configure:4976: gcc -c -g -O2 -Wall  conftest.c >&5
conftest.c:85:10: fatal error: vfork.h: No such file or directory
 #include <vfork.h>
          ^~~~~~~~~
compilation terminated.
configure:4976: $? = 1
configure: failed program was:
| /* confdefs.h */
| #define PACKAGE_NAME "yashigani"
| #define PACKAGE_TARNAME "yashigani"
| #define PACKAGE_VERSION "0.0.5"
| #define PACKAGE_STRING "yashigani 0.0.5"
| #define PACKAGE_BUGREPORT "shintaro.fujiwara@gmail.com"
| #define PACKAGE_URL ""
| #define PACKAGE "yashigani"
| #define VERSION "0.0.5"
| #define STDC_HEADERS 1
| #define HAVE_SYS_TYPES_H 1
| #define HAVE_SYS_STAT_H 1
| #define HAVE_STDLIB_H 1
| #define HAVE_STRING_H 1
| #define HAVE_MEMORY_H 1
| #define HAVE_STRINGS_H 1
| #define HAVE_INTTYPES_H 1
| #define HAVE_STDINT_H 1
| #define HAVE_UNISTD_H 1
| #define __EXTENSIONS__ 1
| #define _ALL_SOURCE 1
| #define _GNU_SOURCE 1
| #define _POSIX_PTHREAD_SEMANTICS 1
| #define _TANDEM_SOURCE 1
| #define HAVE_STDLIB_H 1
| #define HAVE_STDIO_H 1
| #define HAVE_STRING_H 1
| #define HAVE_TIME_H 1
| #define HAVE_DIRENT_H 1
| #define HAVE_ERRNO_H 1
| #define HAVE_CTYPE_H 1
| #define HAVE_MATH_H 1
| #define HAVE_SYS_STAT_H 1
| #define HAVE_FCNTL_H 1
| #define HAVE_LIMITS_H 1
| #define HAVE_GETOPT_H 1
| #define HAVE_SIGACTION 1
| #define HAVE_SNPRINTF 1
| #define HAVE_STRCASECMP 1
| #define HAVE_STRNCASECMP 1
| #define HAVE_STRCHR 1
| #define HAVE_STRCSPN 1
| #define HAVE_STRSPN 1
| #define HAVE_STRTOL 1
| #define HAVE_STRTOUL 1
| #define HAVE_STRTOULL 1
| #define HAVE_STRNDUP 1
| #define HAVE_MALLOC 1
| #define HAVE_REALLOC 1
| #define HAVE_ATEXIT 1
| /* end confdefs.h.  */
| #include <stdio.h>
| #ifdef HAVE_SYS_TYPES_H
| # include <sys/types.h>
| #endif
| #ifdef HAVE_SYS_STAT_H
| # include <sys/stat.h>
| #endif
| #ifdef STDC_HEADERS
| # include <stdlib.h>
| # include <stddef.h>
| #else
| # ifdef HAVE_STDLIB_H
| #  include <stdlib.h>
| # endif
| #endif
| #ifdef HAVE_STRING_H
| # if !defined STDC_HEADERS && defined HAVE_MEMORY_H
| #  include <memory.h>
| # endif
| # include <string.h>
| #endif
| #ifdef HAVE_STRINGS_H
| # include <strings.h>
| #endif
| #ifdef HAVE_INTTYPES_H
| # include <inttypes.h>
| #endif
| #ifdef HAVE_STDINT_H
| # include <stdint.h>
| #endif
| #ifdef HAVE_UNISTD_H
| # include <unistd.h>
| #endif
| #include <vfork.h>
configure:4976: result: no
configure:4976: checking vfork.h presence
configure:4976: gcc -E  conftest.c
conftest.c:52:10: fatal error: vfork.h: No such file or directory
 #include <vfork.h>
          ^~~~~~~~~
compilation terminated.
configure:4976: $? = 1
configure: failed program was:
| /* confdefs.h */
| #define PACKAGE_NAME "yashigani"
| #define PACKAGE_TARNAME "yashigani"
| #define PACKAGE_VERSION "0.0.5"
| #define PACKAGE_STRING "yashigani 0.0.5"
| #define PACKAGE_BUGREPORT "shintaro.fujiwara@gmail.com"
| #define PACKAGE_URL ""
| #define PACKAGE "yashigani"
| #define VERSION "0.0.5"
| #define STDC_HEADERS 1
| #define HAVE_SYS_TYPES_H 1
| #define HAVE_SYS_STAT_H 1
| #define HAVE_STDLIB_H 1
| #define HAVE_STRING_H 1
| #define HAVE_MEMORY_H 1
| #define HAVE_STRINGS_H 1
| #define HAVE_INTTYPES_H 1
| #define HAVE_STDINT_H 1
| #define HAVE_UNISTD_H 1
| #define __EXTENSIONS__ 1
| #define _ALL_SOURCE 1
| #define _GNU_SOURCE 1
| #define _POSIX_PTHREAD_SEMANTICS 1
| #define _TANDEM_SOURCE 1
| #define HAVE_STDLIB_H 1
| #define HAVE_STDIO_H 1
| #define HAVE_STRING_H 1
| #define HAVE_TIME_H 1
| #define HAVE_DIRENT_H 1
| #define HAVE_ERRNO_H 1
| #define HAVE_CTYPE_H 1
| #define HAVE_MATH_H 1
| #define HAVE_SYS_STAT_H 1
| #define HAVE_FCNTL_H 1
| #define HAVE_LIMITS_H 1
| #define HAVE_GETOPT_H 1
| #define HAVE_SIGACTION 1
| #define HAVE_SNPRINTF 1
| #define HAVE_STRCASECMP 1
| #define HAVE_STRNCASECMP 1
| #define HAVE_STRCHR 1
| #define HAVE_STRCSPN 1
| #define HAVE_STRSPN 1
| #define HAVE_STRTOL 1
| #define HAVE_STRTOUL 1
| #define HAVE_STRTOULL 1
| #define HAVE_STRNDUP 1
| #define HAVE_MALLOC 1
| #define HAVE_REALLOC 1
| #define HAVE_ATEXIT 1
| /* end confdefs.h.  */
| #include <vfork.h>
configure:4976: result: no
configure:4976: checking for vfork.h
configure:4976: result: no
configure:4989: checking for fork
configure:4989: gcc -o conftest -g -O2 -Wall   conftest.c  >&5
conftest.c:75:6: warning: conflicting types for built-in function 'fork' [-Wbuiltin-declaration-mismatch]
 char fork ();
      ^~~~
configure:4989: $? = 0
configure:4989: result: yes
configure:4989: checking for vfork
configure:4989: gcc -o conftest -g -O2 -Wall   conftest.c  >&5
configure:4989: $? = 0
configure:4989: result: yes
configure:4999: checking for working fork
configure:5021: gcc -o conftest -g -O2 -Wall   conftest.c  >&5
configure:5021: $? = 0
configure:5021: ./conftest
configure:5021: $? = 0
configure:5031: result: yes
configure:5052: checking for working vfork
configure:5162: result: yes
configure:5189: checking for __assert_fail
configure:5189: gcc -o conftest -g -O2 -Wall   conftest.c  >&5
configure:5189: $? = 0
configure:5189: result: yes
configure:5198: checking for library containing clock_gettime
configure:5229: gcc -o conftest -g -O2 -Wall   conftest.c  >&5
configure:5229: $? = 0
configure:5246: result: none required
configure:5257: checking for setusershell
configure:5257: gcc -o conftest -g -O2 -Wall   conftest.c  >&5
configure:5257: $? = 0
configure:5257: result: yes
configure:5257: checking for getusershell
configure:5257: gcc -o conftest -g -O2 -Wall   conftest.c  >&5
configure:5257: $? = 0
configure:5257: result: yes
configure:5257: checking for endusershell
configure:5257: gcc -o conftest -g -O2 -Wall   conftest.c  >&5
configure:5257: $? = 0
configure:5257: result: yes
configure:5257: checking for getgrouplist
configure:5257: gcc -o conftest -g -O2 -Wall   conftest.c  >&5
configure:5257: $? = 0
configure:5257: result: yes
configure:5266: checking whether setusershell is declared
configure:5266: gcc -c -g -O2 -Wall  conftest.c >&5
configure:5266: $? = 0
configure:5266: result: yes
configure:5276: checking whether getusershell is declared
configure:5276: gcc -c -g -O2 -Wall  conftest.c >&5
configure:5276: $? = 0
configure:5276: result: yes
configure:5286: checking whether endusershell is declared
configure:5286: gcc -c -g -O2 -Wall  conftest.c >&5
configure:5286: $? = 0
configure:5286: result: yes
configure:5346: checking for gcc
configure:5373: result: gcc
configure:5602: checking for C compiler version
configure:5611: gcc --version >&5
gcc (GCC) 7.3.1 20180303 (Red Hat 7.3.1-5)
Copyright (C) 2017 Free Software Foundation, Inc.
This is free software; see the source for copying conditions.  There is NO
warranty; not even for MERCHANTABILITY or FITNESS FOR A PARTICULAR PURPOSE.

configure:5622: $? = 0
configure:5611: gcc -v >&5
Using built-in specs.
COLLECT_GCC=gcc
COLLECT_LTO_WRAPPER=/usr/libexec/gcc/x86_64-redhat-linux/7/lto-wrapper
OFFLOAD_TARGET_NAMES=nvptx-none
OFFLOAD_TARGET_DEFAULT=1
Target: x86_64-redhat-linux
Configured with: ../configure --enable-bootstrap --enable-languages=c,c++,objc,obj-c++,fortran,ada,go,lto --prefix=/usr --mandir=/usr/share/man --infodir=/usr/share/info --with-bugurl=http://bugzilla.redhat.com/bugzilla --enable-shared --enable-threads=posix --enable-checking=release --enable-multilib --with-system-zlib --enable-__cxa_atexit --disable-libunwind-exceptions --enable-gnu-unique-object --enable-linker-build-id --with-gcc-major-version-only --with-linker-hash-style=gnu --enable-plugin --enable-initfini-array --with-isl --enable-libmpx --enable-offload-targets=nvptx-none --without-cuda-driver --enable-gnu-indirect-function --with-tune=generic --with-arch_32=i686 --build=x86_64-redhat-linux
Thread model: posix
gcc version 7.3.1 20180303 (Red Hat 7.3.1-5) (GCC) 
configure:5622: $? = 0
configure:5611: gcc -V >&5
gcc: error: unrecognized command line option '-V'
gcc: fatal error: no input files
compilation terminated.
configure:5622: $? = 1
configure:5611: gcc -qversion >&5
gcc: error: unrecognized command line option '-qversion'; did you mean '--version'?
gcc: fatal error: no input files
compilation terminated.
configure:5622: $? = 1
configure:5626: checking whether we are using the GNU C compiler
configure:5654: result: yes
configure:5663: checking whether gcc accepts -g
configure:5724: result: yes
configure:5741: checking for gcc option to accept ISO C89
configure:5817: result: none needed
configure:5842: checking whether gcc understands -c and -o together
configure:5879: result: yes
configure:5898: checking dependency style of gcc
configure:6009: result: gcc3
configure:6171: checking that generated files are newer than configure
configure:6177: result: done
configure:6208: creating ./config.status

## ---------------------- ##
## Running config.status. ##
## ---------------------- ##

This file was extended by yashigani config.status 0.0.5, which was
generated by GNU Autoconf 2.69.  Invocation command line was

  CONFIG_FILES    = 
  CONFIG_HEADERS  = 
  CONFIG_LINKS    = 
  CONFIG_COMMANDS = 
  $ ./config.status 

on localhost.localdomain

config.status:790: creating Makefile
config.status:790: creating src/Makefile
config.status:962: executing depfiles commands

## ---------------- ##
## Cache variables. ##
## ---------------- ##

ac_cv_c_compiler_gnu=yes
ac_cv_c_const=yes
ac_cv_c_inline=inline
ac_cv_env_CC_set=
ac_cv_env_CC_value=
ac_cv_env_CFLAGS_set=
ac_cv_env_CFLAGS_value=
ac_cv_env_CPPFLAGS_set=
ac_cv_env_CPPFLAGS_value=
ac_cv_env_CPP_set=
ac_cv_env_CPP_value=
ac_cv_env_LDFLAGS_set=
ac_cv_env_LDFLAGS_value=
ac_cv_env_LIBS_set=
ac_cv_env_LIBS_value=
ac_cv_env_build_alias_set=
ac_cv_env_build_alias_value=
ac_cv_env_host_alias_set=
ac_cv_env_host_alias_value=
ac_cv_env_target_alias_set=
ac_cv_env_target_alias_value=
ac_cv_func___assert_fail=yes
ac_cv_func_atexit=yes
ac_cv_func_endusershell=yes
ac_cv_func_fork=yes
ac_cv_func_fork_works=yes
ac_cv_func_getgrouplist=yes
ac_cv_func_getusershell=yes
ac_cv_func_malloc=yes
ac_cv_func_realloc=yes
ac_cv_func_setusershell=yes
ac_cv_func_sigaction=yes
ac_cv_func_snprintf=yes
ac_cv_func_strcasecmp=yes
ac_cv_func_strchr=yes
ac_cv_func_strcspn=yes
ac_cv_func_strncasecmp=yes
ac_cv_func_strndup=yes
ac_cv_func_strspn=yes
ac_cv_func_strtol=yes
ac_cv_func_strtoul=yes
ac_cv_func_strtoull=yes
ac_cv_func_vfork=yes
ac_cv_func_vfork_works=yes
ac_cv_have_decl_endusershell=yes
ac_cv_have_decl_getusershell=yes
ac_cv_have_decl_setusershell=yes
ac_cv_header_ctype_h=yes
ac_cv_header_dirent_h=yes
ac_cv_header_errno_h=yes
ac_cv_header_fcntl_h=yes
ac_cv_header_getopt_h=yes
ac_cv_header_inttypes_h=yes
ac_cv_header_limits_h=yes
ac_cv_header_math_h=yes
ac_cv_header_memory_h=yes
ac_cv_header_minix_config_h=no
ac_cv_header_stdc=yes
ac_cv_header_stdint_h=yes
ac_cv_header_stdio_h=yes
ac_cv_header_stdlib_h=yes
ac_cv_header_string_h=yes
ac_cv_header_strings_h=yes
ac_cv_header_sys_stat_h=yes
ac_cv_header_sys_types_h=yes
ac_cv_header_time_h=yes
ac_cv_header_unistd_h=yes
ac_cv_header_vfork_h=no
ac_cv_objext=o
ac_cv_path_EGREP='/usr/bin/grep -E'
ac_cv_path_GREP=/usr/bin/grep
ac_cv_path_install='/usr/bin/install -c'
ac_cv_path_mkdir=/usr/bin/mkdir
ac_cv_prog_AWK=gawk
ac_cv_prog_CPP='gcc -E'
ac_cv_prog_ac_ct_AR=ar
ac_cv_prog_ac_ct_CC=gcc
ac_cv_prog_ac_ct_RANLIB=ranlib
ac_cv_prog_cc_c89=
ac_cv_prog_cc_g=yes
ac_cv_prog_make_make_set=yes
ac_cv_safe_to_define___extensions__=yes
ac_cv_search_clock_gettime='none required'
ac_cv_search_socket='none required'
ac_cv_type_pid_t=yes
am_cv_CC_dependencies_compiler_type=gcc3
am_cv_ar_interface=ar
am_cv_make_support_nested_variables=yes
am_cv_prog_cc_c_o=yes

## ----------------- ##
## Output variables. ##
## ----------------- ##

ACLOCAL='${SHELL} /home/fujiwara/yashigani/missing aclocal-1.15'
AMDEPBACKSLASH='\'
AMDEP_FALSE='#'
AMDEP_TRUE=''
AMTAR='$${TAR-tar}'
AM_BACKSLASH='\'
AM_DEFAULT_V='$(AM_DEFAULT_VERBOSITY)'
AM_DEFAULT_VERBOSITY='1'
AM_V='$(V)'
AR='ar'
AUTOCONF='${SHELL} /home/fujiwara/yashigani/missing autoconf'
AUTOHEADER='${SHELL} /home/fujiwara/yashigani/missing autoheader'
AUTOMAKE='${SHELL} /home/fujiwara/yashigani/missing automake-1.15'
AWK='gawk'
CC='gcc'
CCDEPMODE='depmode=gcc3'
CFLAGS='-g -O2 -Wall'
CPP='gcc -E'
CPPFLAGS=''
CYGPATH_W='echo'
DEFS='-DPACKAGE_NAME=\"yashigani\" -DPACKAGE_TARNAME=\"yashigani\" -DPACKAGE_VERSION=\"0.0.5\" -DPACKAGE_STRING=\"yashigani\ 0.0.5\" -DPACKAGE_BUGREPORT=\"shintaro.fujiwara@gmail.com\" -DPACKAGE_URL=\"\" -DPACKAGE=\"yashigani\" -DVERSION=\"0.0.5\" -DSTDC_HEADERS=1 -DHAVE_SYS_TYPES_H=1 -DHAVE_SYS_STAT_H=1 -DHAVE_STDLIB_H=1 -DHAVE_STRING_H=1 -DHAVE_MEMORY_H=1 -DHAVE_STRINGS_H=1 -DHAVE_INTTYPES_H=1 -DHAVE_STDINT_H=1 -DHAVE_UNISTD_H=1 -D__EXTENSIONS__=1 -D_ALL_SOURCE=1 -D_GNU_SOURCE=1 -D_POSIX_PTHREAD_SEMANTICS=1 -D_TANDEM_SOURCE=1 -DHAVE_STDLIB_H=1 -DHAVE_STDIO_H=1 -DHAVE_STRING_H=1 -DHAVE_TIME_H=1 -DHAVE_DIRENT_H=1 -DHAVE_ERRNO_H=1 -DHAVE_CTYPE_H=1 -DHAVE_MATH_H=1 -DHAVE_SYS_STAT_H=1 -DHAVE_FCNTL_H=1 -DHAVE_LIMITS_H=1 -DHAVE_GETOPT_H=1 -DHAVE_SIGACTION=1 -DHAVE_SNPRINTF=1 -DHAVE_STRCASECMP=1 -DHAVE_STRNCASECMP=1 -DHAVE_STRCHR=1 -DHAVE_STRCSPN=1 -DHAVE_STRSPN=1 -DHAVE_STRTOL=1 -DHAVE_STRTOUL=1 -DHAVE_STRTOULL=1 -DHAVE_STRNDUP=1 -DHAVE_MALLOC=1 -DHAVE_REALLOC=1 -DHAVE_ATEXIT=1 -DHAVE_FORK=1 -DHAVE_VFORK=1 -DHAVE_WORKING_VFORK=1 -DHAVE_WORKING_FORK=1 -DHAVE___ASSERT_FAIL=1 -DHAVE_SETUSERSHELL=1 -DHAVE_GETUSERSHELL=1 -DHAVE_ENDUSERSHELL=1 -DHAVE_GETGROUPLIST=1 -DHAVE_DECL_SETUSERSHELL=1 -DHAVE_DECL_GETUSERSHELL=1 -DHAVE_DECL_ENDUSERSHELL=1'
DEPDIR='.deps'
ECHO_C=''
ECHO_N='-n'
ECHO_T=''
EGREP='/usr/bin/grep -E'
EXEEXT=''
GREP='/usr/bin/grep'
INSTALL_DATA='${INSTALL} -m 644'
INSTALL_PROGRAM='${INSTALL}'
INSTALL_SCRIPT='${INSTALL}'
INSTALL_STRIP_PROGRAM='$(install_sh) -c -s'
LANG_JP_FALSE=''
LANG_JP_TRUE='#'
LDFLAGS=''
LIBOBJS=''
LIBS=''
LN_S='ln -s'
LTLIBOBJS=''
MAKEINFO='${SHELL} /home/fujiwara/yashigani/missing makeinfo'
MKDIR_P='/usr/bin/mkdir -p'
OBJEXT='o'
PACKAGE='yashigani'
PACKAGE_BUGREPORT='shintaro.fujiwara@gmail.com'
PACKAGE_NAME='yashigani'
PACKAGE_STRING='yashigani 0.0.5'
PACKAGE_TARNAME='yashigani'
PACKAGE_URL=''
PACKAGE_VERSION='0.0.5'
PATH_SEPARATOR=':'
RANLIB='ranlib'
RELEASE_MONTH='Oct 2018'
SET_MAKE=''
SHELL='/bin/sh'
STRIP=''
VERSION='0.0.5'
ac_ct_AR='ar'
ac_ct_CC='gcc'
am__EXEEXT_FALSE=''
am__EXEEXT_TRUE='#'
am__fastdepCC_FALSE='#'
am__fastdepCC_TRUE=''
am__include='include'
am__isrc=''
am__leading_dot='.'
am__nodep='_no'
am__quote=''
am__tar='$${TAR-tar} chof - "$$tardir"'
am__untar='$${TAR-tar} xf -'
bindir='${exec_prefix}/bin'
build_alias=''
datadir='${datarootdir}'
datarootdir='${prefix}/share'
docdir='${datarootdir}/doc/${PACKAGE_TARNAME}'
dvidir='${docdir}'
exec_prefix='${prefix}'
host_alias=''
htmldir='${docdir}'
includedir='${prefix}/include'
infodir='${datarootdir}/info'
install_sh='${SHELL} /home/fujiwara/yashigani/install-sh'
libdir='${exec_prefix}/lib'
libexecdir='${exec_prefix}/libexec'
localedir='${datarootdir}/locale'
localstatedir='${prefix}/var'
mandir='${datarootdir}/man'
mkdir_p='$(MKDIR_P)'
oldincludedir='/usr/include'
pdfdir='${docdir}'
prefix='/usr/local'
program_transform_name='s,x,x,'
psdir='${docdir}'
sbindir='${exec_prefix}/sbin'
sharedstatedir='${prefix}/com'
sysconfdir='${prefix}/etc'
target_alias=''

## ----------- ##
## confdefs.h. ##
## ----------- ##

/* confdefs.h */
#define PACKAGE_NAME "yashigani"
#define PACKAGE_TARNAME "yashigani"
#define PACKAGE_VERSION "0.0.5"
#define PACKAGE_STRING "yashigani 0.0.5"
#define PACKAGE_BUGREPORT "shintaro.fujiwara@gmail.com"
#define PACKAGE_URL ""
#define PACKAGE "yashigani"
#define VERSION "0.0.5"
#define STDC_HEADERS 1
#define HAVE_SYS_TYPES_H 1
#define HAVE_SYS_STAT_H 1
#define HAVE_STDLIB_H 1
#define HAVE_STRING_H 1
#define HAVE_MEMORY_H 1
#define HAVE_STRINGS_H 1
#define HAVE_INTTYPES_H 1
#define HAVE_STDINT_H 1
#define HAVE_UNISTD_H 1
#define __EXTENSIONS__ 1
#define _ALL_SOURCE 1
#define _GNU_SOURCE 1
#define _POSIX_PTHREAD_SEMANTICS 1
#define _TANDEM_SOURCE 1
#define HAVE_STDLIB_H 1
#define HAVE_STDIO_H 1
#define HAVE_STRING_H 1
#define HAVE_TIME_H 1
#define HAVE_DIRENT_H 1
#define HAVE_ERRNO_H 1
#define HAVE_CTYPE_H 1
#define HAVE_MATH_H 1
#define HAVE_SYS_STAT_H 1
#define HAVE_FCNTL_H 1
#define HAVE_LIMITS_H 1
#define HAVE_GETOPT_H 1
#define HAVE_SIGACTION 1
#define HAVE_SNPRINTF 1
#define HAVE_STRCASECMP 1
#define HAVE_STRNCASECMP 1
#define HAVE_STRCHR 1
#define HAVE_STRCSPN 1
#define HAVE_STRSPN 1
#define HAVE_STRTOL 1
#define HAVE_STRTOUL 1
#define HAVE_STRTOULL 1
#define HAVE_STRNDUP 1
#define HAVE_MALLOC 1
#define HAVE_REALLOC 1
#define HAVE_ATEXIT 1
#define HAVE_FORK 1
#define HAVE_VFORK 1
#define HAVE_WORKING_VFORK 1
#define HAVE_WORKING_FORK 1
#define HAVE___ASSERT_FAIL 1
#define HAVE_SETUSERSHELL 1
#define HAVE_GETUSERSHELL 1
#define HAVE_ENDUSERSHELL 1
#define HAVE_GETGROUPLIST 1
#define HAVE_DECL_SETUSERSHELL 1
#define HAVE_DECL_GETUSERSHELL 1
#define HAVE_DECL_ENDUSERSHELL 1

configure: exit 0
